2016-11-22 20:15:10 - PHP Notice:  Error: Could not load language module/news! in /home/h/h99180el/quadrocopter-shop.pp.ua/public_html/system/library/language.php on line 39
2016-11-22 22:39:06 - PHP Notice:  Error: Could not load language module/filterpro! in /home/h/h99180el/quadrocopter-shop.pp.ua/public_html/vqmod/vqcache/vq2-system_library_language.php on line 39
2016-11-22 22:39:10 - PHP Notice:  Error: Could not load language module/filterpro! in /home/h/h99180el/quadrocopter-shop.pp.ua/public_html/vqmod/vqcache/vq2-system_library_language.php on line 39
2016-11-22 22:39:12 - PHP Notice:  Error: Could not load language module/filterpro! in /home/h/h99180el/quadrocopter-shop.pp.ua/public_html/vqmod/vqcache/vq2-system_library_language.php on line 39
2016-11-22 22:39:12 - PHP Notice:  Error: Could not load template /home/h/h99180el/quadrocopter-shop.pp.ua/public_html/admin/view/template/module/filterpro.tpl! in /home/h/h99180el/quadrocopter-shop.pp.ua/public_html/vqmod/vqcache/vq2-system_engine_controller.php on line 70
2016-11-22 22:39:15 - PHP Notice:  Error: Could not load language module/filterpro! in /home/h/h99180el/quadrocopter-shop.pp.ua/public_html/vqmod/vqcache/vq2-system_library_language.php on line 39
2016-11-22 22:39:15 - PHP Notice:  Error: Could not load template /home/h/h99180el/quadrocopter-shop.pp.ua/public_html/admin/view/template/module/filterpro.tpl! in /home/h/h99180el/quadrocopter-shop.pp.ua/public_html/vqmod/vqcache/vq2-system_engine_controller.php on line 70
2016-11-22 22:39:16 - PHP Notice:  Error: Could not load language module/filterpro! in /home/h/h99180el/quadrocopter-shop.pp.ua/public_html/vqmod/vqcache/vq2-system_library_language.php on line 39
2016-11-22 22:39:16 - PHP Notice:  Error: Could not load template /home/h/h99180el/quadrocopter-shop.pp.ua/public_html/admin/view/template/module/filterpro.tpl! in /home/h/h99180el/quadrocopter-shop.pp.ua/public_html/vqmod/vqcache/vq2-system_engine_controller.php on line 70
2016-11-22 22:39:17 - PHP Notice:  Error: Could not load language module/filterpro! in /home/h/h99180el/quadrocopter-shop.pp.ua/public_html/vqmod/vqcache/vq2-system_library_language.php on line 39
2016-11-22 22:39:45 - PHP Notice:  Error: Could not load language module/filterpro! in /home/h/h99180el/quadrocopter-shop.pp.ua/public_html/vqmod/vqcache/vq2-system_library_language.php on line 39
2016-11-22 22:39:46 - PHP Notice:  Error: Could not load language module/filterpro! in /home/h/h99180el/quadrocopter-shop.pp.ua/public_html/vqmod/vqcache/vq2-system_library_language.php on line 39
2016-11-22 22:39:47 - PHP Notice:  Error: Could not load language module/filterpro! in /home/h/h99180el/quadrocopter-shop.pp.ua/public_html/vqmod/vqcache/vq2-system_library_language.php on line 39
2016-11-22 22:39:50 - PHP Notice:  Error: Could not load language module/filterpro! in /home/h/h99180el/quadrocopter-shop.pp.ua/public_html/vqmod/vqcache/vq2-system_library_language.php on line 39
2016-11-22 22:39:53 - PHP Notice:  Error: Could not load language module/filterpro! in /home/h/h99180el/quadrocopter-shop.pp.ua/public_html/vqmod/vqcache/vq2-system_library_language.php on line 39
2016-11-22 22:39:53 - PHP Notice:  Error: Could not load template /home/h/h99180el/quadrocopter-shop.pp.ua/public_html/admin/view/template/module/filterpro.tpl! in /home/h/h99180el/quadrocopter-shop.pp.ua/public_html/vqmod/vqcache/vq2-system_engine_controller.php on line 70
2016-11-22 22:39:55 - PHP Notice:  Error: Could not load language module/filterpro! in /home/h/h99180el/quadrocopter-shop.pp.ua/public_html/vqmod/vqcache/vq2-system_library_language.php on line 39
2016-11-22 22:39:55 - PHP Notice:  Error: Could not load template /home/h/h99180el/quadrocopter-shop.pp.ua/public_html/admin/view/template/module/filterpro.tpl! in /home/h/h99180el/quadrocopter-shop.pp.ua/public_html/vqmod/vqcache/vq2-system_engine_controller.php on line 70
2016-11-23 1:34:53 - PHP Notice:  Undefined variable: module in /home/h/h99180el/quadrocopter-shop.pp.ua/public_html/vqmod/vqcache/vq2-catalog_view_theme_default_template_common_header.tpl on line 138
2016-11-23 1:34:53 - PHP Notice:  Undefined variable: banners in /home/h/h99180el/quadrocopter-shop.pp.ua/public_html/vqmod/vqcache/vq2-catalog_view_theme_default_template_common_header.tpl on line 139
2016-11-23 1:34:53 - PHP Warning:  Invalid argument supplied for foreach() in /home/h/h99180el/quadrocopter-shop.pp.ua/public_html/vqmod/vqcache/vq2-catalog_view_theme_default_template_common_header.tpl on line 139
2016-11-23 1:34:55 - PHP Notice:  Undefined variable: module in /home/h/h99180el/quadrocopter-shop.pp.ua/public_html/vqmod/vqcache/vq2-catalog_view_theme_default_template_common_header.tpl on line 138
2016-11-23 1:34:55 - PHP Notice:  Undefined variable: banners in /home/h/h99180el/quadrocopter-shop.pp.ua/public_html/vqmod/vqcache/vq2-catalog_view_theme_default_template_common_header.tpl on line 139
2016-11-23 1:34:55 - PHP Warning:  Invalid argument supplied for foreach() in /home/h/h99180el/quadrocopter-shop.pp.ua/public_html/vqmod/vqcache/vq2-catalog_view_theme_default_template_common_header.tpl on line 139
2016-11-23 1:51:04 - PHP Notice:  Undefined variable: breadcrumbs in /home/h/h99180el/quadrocopter-shop.pp.ua/public_html/vqmod/vqcache/vq2-catalog_view_theme_default_template_common_header.tpl on line 140
2016-11-23 1:51:04 - PHP Warning:  Invalid argument supplied for foreach() in /home/h/h99180el/quadrocopter-shop.pp.ua/public_html/vqmod/vqcache/vq2-catalog_view_theme_default_template_common_header.tpl on line 140
2016-11-29 21:43:31 - PHP Notice:  Error: Could not load language module/simple! in /home/h/h99180el/quadrocopter-shop.pp.ua/public_html/vqmod/vqcache/vq2-system_library_language.php on line 39
2016-11-29 21:47:43 - PHP Notice:  Undefined variable: entry_type_of_links in /home/h/h99180el/quadrocopter-shop.pp.ua/public_html/admin/view/template/module/simple.tpl on line 275
2016-11-29 21:47:43 - PHP Notice:  Undefined variable: simple_childs_payment_first in /home/h/h99180el/quadrocopter-shop.pp.ua/public_html/admin/view/template/module/simple.tpl on line 278
2016-11-29 21:47:43 - PHP Notice:  Undefined variable: text_payment_shipping in /home/h/h99180el/quadrocopter-shop.pp.ua/public_html/admin/view/template/module/simple.tpl on line 278
2016-11-29 21:47:43 - PHP Notice:  Undefined variable: simple_childs_payment_first in /home/h/h99180el/quadrocopter-shop.pp.ua/public_html/admin/view/template/module/simple.tpl on line 279
2016-11-29 21:47:43 - PHP Notice:  Undefined variable: text_shipping_payment in /home/h/h99180el/quadrocopter-shop.pp.ua/public_html/admin/view/template/module/simple.tpl on line 279
2016-11-29 21:47:43 - PHP Notice:  Undefined variable: simple_address_hide_if_logged in /home/h/h99180el/quadrocopter-shop.pp.ua/public_html/admin/view/template/module/simple.tpl on line 771
2016-11-29 21:47:43 - PHP Notice:  Undefined variable: simple_address_hide_if_logged in /home/h/h99180el/quadrocopter-shop.pp.ua/public_html/admin/view/template/module/simple.tpl on line 772
2016-11-29 21:47:43 - PHP Notice:  Undefined variable: text_module_links_2 in /home/h/h99180el/quadrocopter-shop.pp.ua/public_html/admin/view/template/module/simple.tpl on line 1023
2016-11-29 21:47:43 - PHP Notice:  Undefined variable: entry_payment_modules in /home/h/h99180el/quadrocopter-shop.pp.ua/public_html/admin/view/template/module/simple.tpl on line 1028
2016-11-29 21:47:43 - PHP Notice:  Undefined variable: shipping_extensions_2 in /home/h/h99180el/quadrocopter-shop.pp.ua/public_html/admin/view/template/module/simple.tpl on line 1032
2016-11-29 21:47:43 - PHP Warning:  Invalid argument supplied for foreach() in /home/h/h99180el/quadrocopter-shop.pp.ua/public_html/admin/view/template/module/simple.tpl on line 1032
2016-11-29 21:47:43 - PHP Notice:  Undefined variable: entry_only_for_days in /home/h/h99180el/quadrocopter-shop.pp.ua/public_html/admin/view/template/module/simple.tpl on line 1216
2016-11-29 21:47:43 - PHP Notice:  Undefined variable: entry_only_for_days in /home/h/h99180el/quadrocopter-shop.pp.ua/public_html/admin/view/template/module/simple.tpl on line 1216
2016-11-29 21:47:43 - PHP Notice:  Undefined variable: entry_only_for_days in /home/h/h99180el/quadrocopter-shop.pp.ua/public_html/admin/view/template/module/simple.tpl on line 1216
2016-11-29 21:47:43 - PHP Notice:  Undefined variable: entry_only_for_days in /home/h/h99180el/quadrocopter-shop.pp.ua/public_html/admin/view/template/module/simple.tpl on line 1216
2016-11-29 21:47:43 - PHP Notice:  Undefined variable: entry_only_for_days in /home/h/h99180el/quadrocopter-shop.pp.ua/public_html/admin/view/template/module/simple.tpl on line 1216
2016-11-29 21:47:43 - PHP Notice:  Undefined variable: entry_only_for_days in /home/h/h99180el/quadrocopter-shop.pp.ua/public_html/admin/view/template/module/simple.tpl on line 1216
2016-11-29 21:47:43 - PHP Notice:  Undefined variable: entry_only_for_days in /home/h/h99180el/quadrocopter-shop.pp.ua/public_html/admin/view/template/module/simple.tpl on line 1216
2016-11-29 21:47:43 - PHP Notice:  Undefined variable: entry_only_for_days in /home/h/h99180el/quadrocopter-shop.pp.ua/public_html/admin/view/template/module/simple.tpl on line 1216
2016-11-29 21:47:43 - PHP Notice:  Undefined variable: entry_only_for_days in /home/h/h99180el/quadrocopter-shop.pp.ua/public_html/admin/view/template/module/simple.tpl on line 1216
2016-11-29 21:47:43 - PHP Notice:  Undefined variable: entry_only_for_days in /home/h/h99180el/quadrocopter-shop.pp.ua/public_html/admin/view/template/module/simple.tpl on line 1216
2016-11-29 21:47:43 - PHP Notice:  Undefined variable: entry_only_for_days in /home/h/h99180el/quadrocopter-shop.pp.ua/public_html/admin/view/template/module/simple.tpl on line 1216
2016-11-29 21:47:43 - PHP Notice:  Undefined variable: entry_only_for_days in /home/h/h99180el/quadrocopter-shop.pp.ua/public_html/admin/view/template/module/simple.tpl on line 1216
2016-11-29 21:47:43 - PHP Notice:  Undefined variable: entry_only_for_days in /home/h/h99180el/quadrocopter-shop.pp.ua/public_html/admin/view/template/module/simple.tpl on line 1216
2016-11-29 21:47:43 - PHP Notice:  Undefined variable: entry_only_for_days in /home/h/h99180el/quadrocopter-shop.pp.ua/public_html/admin/view/template/module/simple.tpl on line 1216
2016-11-29 21:47:43 - PHP Notice:  Undefined variable: entry_only_for_days in /home/h/h99180el/quadrocopter-shop.pp.ua/public_html/admin/view/template/module/simple.tpl on line 1216
2016-11-29 21:47:43 - PHP Notice:  Undefined variable: entry_only_for_days in /home/h/h99180el/quadrocopter-shop.pp.ua/public_html/admin/view/template/module/simple.tpl on line 1561
2016-11-29 21:47:43 - PHP Notice:  Undefined variable: entry_only_for_days in /home/h/h99180el/quadrocopter-shop.pp.ua/public_html/admin/view/template/module/simple.tpl on line 2226
